  MyForm.cpp
C:\Users\mrae7\Desktop\Прога C++\GameTheory\GameTheory\MyForm.cpp(9,32): warning C4829: Возможно, неправильные параметры функции main. Рекомендуемый вариант - "int main(Platform::Array<Platform::String^>^ argv)"
  .NETFramework,Version=v4.7.2.AssemblyAttributes.cpp
  Создание кода...
  MyForm.obj : обнаружен модуль MSIL; для MSIL последовательная компоновка отключена; выполняется полная компоновка
MyForm.obj : error LNK2028: ссылка на неразрешенную лексему (0A000050) "extern "C" struct _object * __cdecl PyUnicode_FromString(char const *)" (?PyUnicode_FromString@@$$J0YAPAU_object@@PBD@Z) в функции "private: void __clrcall GameTheory::MyForm::MyForm_Load(class System::Object ^,class System::EventArgs ^)" (?MyForm_Load@MyForm@GameTheory@@$$FA$AAMXP$AAVObject@System@@P$AAVEventArgs@4@@Z)
MyForm.obj : error LNK2020: неразрешенная лексема (0A00005F) "extern "C" struct _object * __cdecl PyTuple_Pack(int,...)" (?PyTuple_Pack@@$$J0YAPAU_object@@HZZ)
MyForm.obj : error LNK2028: ссылка на неразрешенную лексему (0A00006D) "extern "C" struct _object * __cdecl PyImport_Import(struct _object *)" (?PyImport_Import@@$$J0YAPAU_object@@PAU1@@Z) в функции "private: void __clrcall GameTheory::MyForm::MyForm_Load(class System::Object ^,class System::EventArgs ^)" (?MyForm_Load@MyForm@GameTheory@@$$FA$AAMXP$AAVObject@System@@P$AAVEventArgs@4@@Z)
MyForm.obj : error LNK2028: ссылка на неразрешенную лексему (0A00006F) "extern "C" struct _object * __cdecl PyObject_CallObject(struct _object *,struct _object *)" (?PyObject_CallObject@@$$J0YAPAU_object@@PAU1@0@Z) в функции "private: void __clrcall GameTheory::MyForm::MyForm_Load(class System::Object ^,class System::EventArgs ^)" (?MyForm_Load@MyForm@GameTheory@@$$FA$AAMXP$AAVObject@System@@P$AAVEventArgs@4@@Z)
MyForm.obj : error LNK2028: ссылка на неразрешенную лексему (0A000081) "extern "C" struct _object * __cdecl PyObject_GetAttrString(struct _object *,char const *)" (?PyObject_GetAttrString@@$$J0YAPAU_object@@PAU1@PBD@Z) в функции "private: void __clrcall GameTheory::MyForm::MyForm_Load(class System::Object ^,class System::EventArgs ^)" (?MyForm_Load@MyForm@GameTheory@@$$FA$AAMXP$AAVObject@System@@P$AAVEventArgs@4@@Z)
MyForm.obj : error LNK2028: ссылка на неразрешенную лексему (0A000086) "extern "C" char const * __cdecl PyUnicode_AsUTF8(struct _object *)" (?PyUnicode_AsUTF8@@$$J0YAPBDPAU_object@@@Z) в функции "private: void __clrcall GameTheory::MyForm::MyForm_Load(class System::Object ^,class System::EventArgs ^)" (?MyForm_Load@MyForm@GameTheory@@$$FA$AAMXP$AAVObject@System@@P$AAVEventArgs@4@@Z)
MyForm.obj : error LNK2028: ссылка на неразрешенную лексему (0A00008E) "extern "C" void __cdecl Py_Initialize(void)" (?Py_Initialize@@$$J0YAXXZ) в функции "private: void __clrcall GameTheory::MyForm::MyForm_Load(class System::Object ^,class System::EventArgs ^)" (?MyForm_Load@MyForm@GameTheory@@$$FA$AAMXP$AAVObject@System@@P$AAVEventArgs@4@@Z)
MyForm.obj : error LNK2028: ссылка на неразрешенную лексему (0A000093) "extern "C" void __cdecl Py_Finalize(void)" (?Py_Finalize@@$$J0YAXXZ) в функции "private: void __clrcall GameTheory::MyForm::MyForm_Load(class System::Object ^,class System::EventArgs ^)" (?MyForm_Load@MyForm@GameTheory@@$$FA$AAMXP$AAVObject@System@@P$AAVEventArgs@4@@Z)
MyForm.obj : error LNK2020: неразрешенная лексема (0A0000F3) "extern "C" struct _object * __cdecl PyTuple_Pack(int,...)" (?PyTuple_Pack@@$$J0YAPAU_object@@HZZ)
MyForm.obj : error LNK2019: ссылка на неразрешенный внешний символ "extern "C" void __cdecl Py_Initialize(void)" (?Py_Initialize@@$$J0YAXXZ) в функции "private: void __clrcall GameTheory::MyForm::MyForm_Load(class System::Object ^,class System::EventArgs ^)" (?MyForm_Load@MyForm@GameTheory@@$$FA$AAMXP$AAVObject@System@@P$AAVEventArgs@4@@Z).
MyForm.obj : error LNK2019: ссылка на неразрешенный внешний символ "extern "C" struct _object * __cdecl PyUnicode_FromString(char const *)" (?PyUnicode_FromString@@$$J0YAPAU_object@@PBD@Z) в функции "private: void __clrcall GameTheory::MyForm::MyForm_Load(class System::Object ^,class System::EventArgs ^)" (?MyForm_Load@MyForm@GameTheory@@$$FA$AAMXP$AAVObject@System@@P$AAVEventArgs@4@@Z).
MyForm.obj : error LNK2019: ссылка на неразрешенный внешний символ "extern "C" struct _object * __cdecl PyImport_Import(struct _object *)" (?PyImport_Import@@$$J0YAPAU_object@@PAU1@@Z) в функции "private: void __clrcall GameTheory::MyForm::MyForm_Load(class System::Object ^,class System::EventArgs ^)" (?MyForm_Load@MyForm@GameTheory@@$$FA$AAMXP$AAVObject@System@@P$AAVEventArgs@4@@Z).
MyForm.obj : error LNK2019: ссылка на неразрешенный внешний символ "extern "C" struct _object * __cdecl PyObject_GetAttrString(struct _object *,char const *)" (?PyObject_GetAttrString@@$$J0YAPAU_object@@PAU1@PBD@Z) в функции "private: void __clrcall GameTheory::MyForm::MyForm_Load(class System::Object ^,class System::EventArgs ^)" (?MyForm_Load@MyForm@GameTheory@@$$FA$AAMXP$AAVObject@System@@P$AAVEventArgs@4@@Z).
MyForm.obj : error LNK2001: неразрешенный внешний символ "extern "C" struct _object * __cdecl PyTuple_Pack(int,...)" (?PyTuple_Pack@@$$J0YAPAU_object@@HZZ).
MyForm.obj : error LNK2019: ссылка на неразрешенный внешний символ "extern "C" struct _object * __cdecl PyObject_CallObject(struct _object *,struct _object *)" (?PyObject_CallObject@@$$J0YAPAU_object@@PAU1@0@Z) в функции "private: void __clrcall GameTheory::MyForm::MyForm_Load(class System::Object ^,class System::EventArgs ^)" (?MyForm_Load@MyForm@GameTheory@@$$FA$AAMXP$AAVObject@System@@P$AAVEventArgs@4@@Z).
MyForm.obj : error LNK2019: ссылка на неразрешенный внешний символ "extern "C" char const * __cdecl PyUnicode_AsUTF8(struct _object *)" (?PyUnicode_AsUTF8@@$$J0YAPBDPAU_object@@@Z) в функции "private: void __clrcall GameTheory::MyForm::MyForm_Load(class System::Object ^,class System::EventArgs ^)" (?MyForm_Load@MyForm@GameTheory@@$$FA$AAMXP$AAVObject@System@@P$AAVEventArgs@4@@Z).
MyForm.obj : error LNK2019: ссылка на неразрешенный внешний символ "extern "C" void __cdecl Py_Finalize(void)" (?Py_Finalize@@$$J0YAXXZ) в функции "private: void __clrcall GameTheory::MyForm::MyForm_Load(class System::Object ^,class System::EventArgs ^)" (?MyForm_Load@MyForm@GameTheory@@$$FA$AAMXP$AAVObject@System@@P$AAVEventArgs@4@@Z).
C:\Users\mrae7\AppData\Local\Programs\Python\Python39\libs\python39.lib : warning LNK4272: тип компьютера библиотеки "x64" конфликтует с типом целевого компьютера "x86"
C:\Users\mrae7\AppData\Local\Programs\Python\Python39\libs\python39_d.lib : warning LNK4272: тип компьютера библиотеки "x64" конфликтует с типом целевого компьютера "x86"
C:\Users\mrae7\Desktop\Прога C++\GameTheory\Debug\GameTheory.exe : fatal error LNK1120: неразрешенных внешних элементов: 17
